[2022-06-01 14:09:23] [[31merror[39m] TypeError: res.json is not a function
    at Scan (C:\dylan\nodejs\phanhaihong\controller\app.js:51:11)
[2022-06-01 14:11:28] [[31merror[39m] TypeError: res.json is not a function
    at Scan (C:\dylan\nodejs\phanhaihong\controller\app.js:51:11)
[2022-06-01 14:11:58] [[31merror[39m] TypeError: res.json is not a function
    at Scan (C:\dylan\nodejs\phanhaihong\controller\app.js:52:11)
[2022-06-02 15:04:05] [[31merror[39m] Error: Could not find MIME for Buffer <null>
    at Jimp.parseBitmap (C:\dylan\nodejs\backend\node_modules\@jimp\core\dist\utils\image-bitmap.js:187:15)
    at Jimp.parseBitmap (C:\dylan\nodejs\backend\node_modules\@jimp\core\dist\index.js:431:32)
    at new Jimp (C:\dylan\nodejs\backend\node_modules\@jimp\core\dist\index.js:384:13)
    at _construct (C:\dylan\nodejs\backend\node_modules\@babel\runtime\helpers\construct.js:19:21)
    at C:\dylan\nodejs\backend\node_modules\@jimp\core\dist\index.js:926:32
    at new Promise (<anonymous>)
    at Function.Jimp.read (C:\dylan\nodejs\backend\node_modules\@jimp\core\dist\index.js:925:10)
    at readQrCode (C:\dylan\nodejs\backend\controller\app.js:39:28)
    at scan (C:\dylan\nodejs\backend\controller\app.js:56:30)
    at processTicksAndRejections (node:internal/process/task_queues:96:5)
    at async Voting (C:\dylan\nodejs\backend\controller\app.js:110:20)
[2022-06-02 15:05:59] [[31merror[39m] TypeError: Cannot read properties of undefined (reading 'result')
    at QrCode$1.qr.callback (C:\dylan\nodejs\backend\controller\app.js:47:23)
    at QrCode$1.<anonymous> (C:\dylan\nodejs\backend\node_modules\qrcode-reader\dist\index.js:3031:12)
    at QrCode$1.decode (C:\dylan\nodejs\backend\node_modules\qrcode-reader\dist\index.js:3046:5)
    at readQrCode (C:\dylan\nodejs\backend\controller\app.js:49:12)
    at async scan (C:\dylan\nodejs\backend\controller\app.js:56:24)
    at async Voting (C:\dylan\nodejs\backend\controller\app.js:110:20)
[2022-06-02 15:06:18] [[31merror[39m] TypeError: Cannot read properties of undefined (reading 'result')
    at QrCode$1.qr.callback (C:\dylan\nodejs\backend\controller\app.js:155:23)
    at QrCode$1.<anonymous> (C:\dylan\nodejs\backend\node_modules\qrcode-reader\dist\index.js:3031:12)
    at QrCode$1.decode (C:\dylan\nodejs\backend\node_modules\qrcode-reader\dist\index.js:3046:5)
    at readQrCode (C:\dylan\nodejs\backend\controller\app.js:157:12)
    at async scan (C:\dylan\nodejs\backend\controller\app.js:164:24)
    at async CheckMyVote (C:\dylan\nodejs\backend\controller\app.js:182:20)
[2022-06-02 15:12:15] [[31merror[39m] Error: Could not find MIME for Buffer <null>
    at Jimp.parseBitmap (C:\dylan\nodejs\backend\node_modules\@jimp\core\dist\utils\image-bitmap.js:187:15)
    at Jimp.parseBitmap (C:\dylan\nodejs\backend\node_modules\@jimp\core\dist\index.js:431:32)
    at new Jimp (C:\dylan\nodejs\backend\node_modules\@jimp\core\dist\index.js:384:13)
    at _construct (C:\dylan\nodejs\backend\node_modules\@babel\runtime\helpers\construct.js:19:21)
    at C:\dylan\nodejs\backend\node_modules\@jimp\core\dist\index.js:926:32
    at new Promise (<anonymous>)
    at Function.Jimp.read (C:\dylan\nodejs\backend\node_modules\@jimp\core\dist\index.js:925:10)
    at readQrCode (C:\dylan\nodejs\backend\controller\app.js:147:28)
    at scan (C:\dylan\nodejs\backend\controller\app.js:164:30)
    at processTicksAndRejections (node:internal/process/task_queues:96:5)
    at async CheckMyVote (C:\dylan\nodejs\backend\controller\app.js:182:20)
[2022-06-03 09:21:58] [[31merror[39m] TypeError [ERR_UNKNOWN_ENCODING]: Unknown encoding: bytes
    at new NodeError (node:internal/errors:372:5)
    at Uint8Array.toString (node:buffer:810:11)
    at Voting (C:\dylan\nodejs\backend\controller\app.js:111:41)
[2022-06-03 09:23:00] [[31merror[39m] ReferenceError: bytes is not defined
    at Voting (C:\dylan\nodejs\backend\controller\app.js:111:22)
[2022-06-03 09:23:37] [[31merror[39m] TypeError [ERR_UNKNOWN_ENCODING]: Unknown encoding: bytes
    at new NodeError (node:internal/errors:372:5)
    at Uint8Array.toString (node:buffer:810:11)
    at Voting (C:\dylan\nodejs\backend\controller\app.js:111:48)
[2022-06-03 10:15:43] [[31merror[39m] TypeError: Cannot read properties of undefined (reading 'result')
    at QrCode$1.qr.callback (C:\dylan\nodejs\backend\controller\app.js:47:23)
    at QrCode$1.<anonymous> (C:\dylan\nodejs\backend\node_modules\qrcode-reader\dist\index.js:3031:12)
    at QrCode$1.decode (C:\dylan\nodejs\backend\node_modules\qrcode-reader\dist\index.js:3046:5)
    at readQrCode (C:\dylan\nodejs\backend\controller\app.js:49:12)
    at async scan (C:\dylan\nodejs\backend\controller\app.js:56:24)
    at async Voting (C:\dylan\nodejs\backend\controller\app.js:110:20)
[2022-06-03 10:16:30] [[31merror[39m] TypeError: Cannot read properties of undefined (reading 'result')
    at QrCode$1.qr.callback (C:\dylan\nodejs\backend\controller\app.js:47:23)
    at QrCode$1.<anonymous> (C:\dylan\nodejs\backend\node_modules\qrcode-reader\dist\index.js:3031:12)
    at QrCode$1.decode (C:\dylan\nodejs\backend\node_modules\qrcode-reader\dist\index.js:3046:5)
    at readQrCode (C:\dylan\nodejs\backend\controller\app.js:49:12)
    at async scan (C:\dylan\nodejs\backend\controller\app.js:56:24)
    at async Voting (C:\dylan\nodejs\backend\controller\app.js:110:20)
[2022-06-03 10:17:03] [[31merror[39m] TypeError: Cannot read properties of undefined (reading 'toString')
    at Voting (C:\dylan\nodejs\backend\controller\app.js:119:40)
[2022-06-03 10:18:27] [[31merror[39m] TypeError: Cannot read properties of undefined (reading 'toString')
    at Voting (C:\dylan\nodejs\backend\controller\app.js:119:40)
[2022-06-03 10:19:42] [[31merror[39m] TypeError: Cannot read properties of undefined (reading 'toString')
    at Voting (C:\dylan\nodejs\backend\controller\app.js:119:40)
[2022-06-03 10:41:58] [[31merror[39m] TypeError: Cannot read properties of undefined (reading 'toString')
    at Voting (C:\dylan\nodejs\backend\controller\app.js:120:40)
[2022-06-03 10:42:47] [[31merror[39m] TypeError: Cannot read properties of undefined (reading 'toString')
    at Voting (C:\dylan\nodejs\backend\controller\app.js:121:40)
[2022-06-03 10:44:13] [[31merror[39m] TypeError: Cannot read properties of undefined (reading 'toString')
    at Voting (C:\dylan\nodejs\backend\controller\app.js:121:40)
[2022-06-03 10:45:04] [[31merror[39m] TypeError: Cannot read properties of undefined (reading 'toString')
    at Voting (C:\dylan\nodejs\backend\controller\app.js:121:40)
    at processTicksAndRejections (node:internal/process/task_queues:96:5)
[2022-06-03 13:58:24] [[31merror[39m] TypeError: Cannot read properties of undefined (reading 'result')
    at QrCode$1.qr.callback (C:\dylan\nodejs\backend\controller\app.js:47:23)
    at QrCode$1.<anonymous> (C:\dylan\nodejs\backend\node_modules\qrcode-reader\dist\index.js:3031:12)
    at QrCode$1.decode (C:\dylan\nodejs\backend\node_modules\qrcode-reader\dist\index.js:3046:5)
    at readQrCode (C:\dylan\nodejs\backend\controller\app.js:49:12)
    at async scan (C:\dylan\nodejs\backend\controller\app.js:56:24)
    at async Voting (C:\dylan\nodejs\backend\controller\app.js:110:20)
[2022-06-08 09:16:07] [[31merror[39m] TypeError: Cannot read properties of undefined (reading 'result')
    at QrCode$1.qr.callback (C:\dylan\nodejs\thuc-tap-cntt\backend\controller\app.js:157:23)
    at QrCode$1.<anonymous> (C:\dylan\nodejs\thuc-tap-cntt\backend\node_modules\qrcode-reader\dist\index.js:3031:12)
    at QrCode$1.decode (C:\dylan\nodejs\thuc-tap-cntt\backend\node_modules\qrcode-reader\dist\index.js:3046:5)
    at readQrCode (C:\dylan\nodejs\thuc-tap-cntt\backend\controller\app.js:159:12)
    at async scan (C:\dylan\nodejs\thuc-tap-cntt\backend\controller\app.js:166:24)
    at async CheckMyVote (C:\dylan\nodejs\thuc-tap-cntt\backend\controller\app.js:184:20)
